{"message":"no method named `read` found for struct `Blake2bSum` in the current scope","code":{"code":"E0599","explanation":"This error occurs when a method is used on a type which doesn't implement it:\n\nErroneous code example:\n\n```compile_fail,E0599\nstruct Mouth;\n\nlet x = Mouth;\nx.chocolate(); // error: no method named `chocolate` found for type `Mouth`\n               //        in the current scope\n```\n\nIn this case, you need to implement the `chocolate` method to fix the error:\n\n```\nstruct Mouth;\n\nimpl Mouth {\n    fn chocolate(&self) { // We implement the `chocolate` method here.\n        println!(\"Hmmm! I love chocolate!\");\n    }\n}\n\nlet x = Mouth;\nx.chocolate(); // ok!\n```\n"},"level":"error","spans":[{"file_name":"examples/example_run.rs","byte_start":199,"byte_end":203,"line_start":9,"line_end":9,"column_start":24,"column_end":28,"is_primary":true,"text":[{"text":"    let hash = context.read(\"example_file.txt\");","highlight_start":24,"highlight_end":28}],"label":"method not found in `Blake2bSum`","suggested_replacement":null,"suggestion_applicability":null,"expansion":null}],"children":[],"rendered":"\u001b[0m\u001b[1m\u001b[38;5;9merror[E0599]\u001b[0m\u001b[0m\u001b[1m: no method named `read` found for struct `Blake2bSum` in the current scope\u001b[0m\n\u001b[0m \u001b[0m\u001b[0m\u001b[1m\u001b[38;5;12m--> \u001b[0m\u001b[0mexamples/example_run.rs:9:24\u001b[0m\n\u001b[0m  \u001b[0m\u001b[0m\u001b[1m\u001b[38;5;12m|\u001b[0m\n\u001b[0m\u001b[1m\u001b[38;5;12m9\u001b[0m\u001b[0m \u001b[0m\u001b[0m\u001b[1m\u001b[38;5;12m| \u001b[0m\u001b[0m    let hash = context.read(\"example_file.txt\");\u001b[0m\n\u001b[0m  \u001b[0m\u001b[0m\u001b[1m\u001b[38;5;12m| \u001b[0m\u001b[0m                       \u001b[0m\u001b[0m\u001b[1m\u001b[38;5;9m^^^^\u001b[0m\u001b[0m \u001b[0m\u001b[0m\u001b[1m\u001b[38;5;9mmethod not found in `Blake2bSum`\u001b[0m\n\n"}
{"message":"the size for values of type `str` cannot be known at compilation time","code":{"code":"E0277","explanation":"You tried to use a type which doesn't implement some trait in a place which\nexpected that trait.\n\nErroneous code example:\n\n```compile_fail,E0277\n// here we declare the Foo trait with a bar method\ntrait Foo {\n    fn bar(&self);\n}\n\n// we now declare a function which takes an object implementing the Foo trait\nfn some_func<T: Foo>(foo: T) {\n    foo.bar();\n}\n\nfn main() {\n    // we now call the method with the i32 type, which doesn't implement\n    // the Foo trait\n    some_func(5i32); // error: the trait bound `i32 : Foo` is not satisfied\n}\n```\n\nIn order to fix this error, verify that the type you're using does implement\nthe trait. Example:\n\n```\ntrait Foo {\n    fn bar(&self);\n}\n\n// we implement the trait on the i32 type\nimpl Foo for i32 {\n    fn bar(&self) {}\n}\n\nfn some_func<T: Foo>(foo: T) {\n    foo.bar(); // we can now use this method since i32 implements the\n               // Foo trait\n}\n\nfn main() {\n    some_func(5i32); // ok!\n}\n```\n\nOr in a generic context, an erroneous code example would look like:\n\n```compile_fail,E0277\nfn some_func<T>(foo: T) {\n    println!(\"{:?}\", foo); // error: the trait `core::fmt::Debug` is not\n                           //        implemented for the type `T`\n}\n\nfn main() {\n    // We now call the method with the i32 type,\n    // which *does* implement the Debug trait.\n    some_func(5i32);\n}\n```\n\nNote that the error here is in the definition of the generic function. Although\nwe only call it with a parameter that does implement `Debug`, the compiler\nstill rejects the function. It must work with all possible input types. In\norder to make this example compile, we need to restrict the generic type we're\naccepting:\n\n```\nuse std::fmt;\n\n// Restrict the input type to types that implement Debug.\nfn some_func<T: fmt::Debug>(foo: T) {\n    println!(\"{:?}\", foo);\n}\n\nfn main() {\n    // Calling the method is still fine, as i32 implements Debug.\n    some_func(5i32);\n\n    // This would fail to compile now:\n    // struct WithoutDebug;\n    // some_func(WithoutDebug);\n}\n```\n\nRust only looks at the signature of the called function, as such it must\nalready specify all requirements that will be used for every type parameter.\n"},"level":"error","spans":[{"file_name":"/Users/xuyizheng/.rustup/toolchains/nightly-2021-05-24-aarch64-apple-darwin/lib/rustlib/src/rust/library/std/src/macros.rs","byte_start":2803,"byte_end":2836,"line_start":97,"line_end":97,"column_start":28,"column_end":61,"is_primary":true,"text":[{"text":"        $crate::io::_print($crate::format_args_nl!($($arg)*));","highlight_start":28,"highlight_end":61}],"label":"doesn't have a size known at compile-time","suggested_replacement":null,"suggestion_applicability":null,"expansion":{"span":{"file_name":"/Users/xuyizheng/.rustup/toolchains/nightly-2021-05-24-aarch64-apple-darwin/lib/rustlib/src/rust/library/std/src/macros.rs","byte_start":2803,"byte_end":2836,"line_start":97,"line_end":97,"column_start":28,"column_end":61,"is_primary":false,"text":[{"text":"        $crate::io::_print($crate::format_args_nl!($($arg)*));","highlight_start":28,"highlight_end":61}],"label":null,"suggested_replacement":null,"suggestion_applicability":null,"expansion":{"span":{"file_name":"examples/example_run.rs","byte_start":382,"byte_end":408,"line_start":15,"line_end":15,"column_start":5,"column_end":31,"is_primary":false,"text":[{"text":"    println!(\"Hash: {}\",hash);","highlight_start":5,"highlight_end":31}],"label":null,"suggested_replacement":null,"suggestion_applicability":null,"expansion":null},"macro_decl_name":"println!","def_site_span":{"file_name":"/Users/xuyizheng/.rustup/toolchains/nightly-2021-05-24-aarch64-apple-darwin/lib/rustlib/src/rust/library/std/src/macros.rs","byte_start":2695,"byte_end":2847,"line_start":94,"line_end":99,"column_start":1,"column_end":2,"is_primary":false,"text":[{"text":"macro_rules! println {","highlight_start":1,"highlight_end":23},{"text":"    () => ($crate::print!(\"\\n\"));","highlight_start":1,"highlight_end":34},{"text":"    ($($arg:tt)*) => ({","highlight_start":1,"highlight_end":24},{"text":"        $crate::io::_print($crate::format_args_nl!($($arg)*));","highlight_start":1,"highlight_end":63},{"text":"    })","highlight_start":1,"highlight_end":7},{"text":"}","highlight_start":1,"highlight_end":2}],"label":null,"suggested_replacement":null,"suggestion_applicability":null,"expansion":null}}},"macro_decl_name":"$crate::format_args_nl!","def_site_span":{"file_name":"/Users/xuyizheng/.rustup/toolchains/nightly-2021-05-24-aarch64-apple-darwin/lib/rustlib/src/rust/library/core/src/macros/mod.rs","byte_start":29049,"byte_end":29206,"line_start":844,"line_end":847,"column_start":5,"column_end":6,"is_primary":false,"text":[{"text":"    macro_rules! format_args_nl {","highlight_start":5,"highlight_end":1},{"text":"        ($fmt:expr) => {{ /* compiler built-in */ }};","highlight_start":1,"highlight_end":1},{"text":"        ($fmt:expr, $($args:tt)*) => {{ /* compiler built-in */ }};","highlight_start":1,"highlight_end":1},{"text":"    }","highlight_start":1,"highlight_end":6}],"label":null,"suggested_replacement":null,"suggestion_applicability":null,"expansion":null}}},{"file_name":"examples/example_run.rs","byte_start":0,"byte_end":0,"line_start":1,"line_end":1,"column_start":1,"column_end":1,"is_primary":false,"text":[],"label":"required by a bound in this","suggested_replacement":null,"suggestion_applicability":null,"expansion":null},{"file_name":"/Users/xuyizheng/.rustup/toolchains/nightly-2021-05-24-aarch64-apple-darwin/lib/rustlib/src/rust/library/core/src/fmt/mod.rs","byte_start":9896,"byte_end":9897,"line_start":291,"line_end":291,"column_start":20,"column_end":21,"is_primary":false,"text":[{"text":"    pub fn new<'b, T>(x: &'b T, f: fn(&T, &mut Formatter<'_>) -> Result) -> ArgumentV1<'b> {","highlight_start":20,"highlight_end":21}],"label":"required by this bound in `ArgumentV1::<'a>::new`","suggested_replacement":null,"suggestion_applicability":null,"expansion":null}],"children":[{"message":"the trait `Sized` is not implemented for `str`","code":null,"level":"help","spans":[],"children":[],"rendered":null}],"rendered":"\u001b[0m\u001b[1m\u001b[38;5;9merror[E0277]\u001b[0m\u001b[0m\u001b[1m: the size for values of type `str` cannot be known at compilation time\u001b[0m\n\u001b[0m   \u001b[0m\u001b[0m\u001b[1m\u001b[38;5;12m--> \u001b[0m\u001b[0mexamples/example_run.rs:15:5\u001b[0m\n\u001b[0m    \u001b[0m\u001b[0m\u001b[1m\u001b[38;5;12m|\u001b[0m\n\u001b[0m\u001b[1m\u001b[38;5;12m15\u001b[0m\u001b[0m  \u001b[0m\u001b[0m\u001b[1m\u001b[38;5;12m| \u001b[0m\u001b[0m    println!(\"Hash: {}\",hash);\u001b[0m\n\u001b[0m    \u001b[0m\u001b[0m\u001b[1m\u001b[38;5;12m| \u001b[0m\u001b[0m    \u001b[0m\u001b[0m\u001b[1m\u001b[38;5;9m^^^^^^^^^^^^^^^^^^^^^^^^^^\u001b[0m\u001b[0m \u001b[0m\u001b[0m\u001b[1m\u001b[38;5;9mdoesn't have a size known at compile-time\u001b[0m\n\u001b[0m    \u001b[0m\u001b[0m\u001b[1m\u001b[38;5;12m| \u001b[0m\n\u001b[0m   \u001b[0m\u001b[0m\u001b[1m\u001b[38;5;12m::: \u001b[0m\u001b[0m/Users/xuyizheng/.rustup/toolchains/nightly-2021-05-24-aarch64-apple-darwin/lib/rustlib/src/rust/library/core/src/fmt/mod.rs:291:20\u001b[0m\n\u001b[0m    \u001b[0m\u001b[0m\u001b[1m\u001b[38;5;12m|\u001b[0m\n\u001b[0m\u001b[1m\u001b[38;5;12m291\u001b[0m\u001b[0m \u001b[0m\u001b[0m\u001b[1m\u001b[38;5;12m| \u001b[0m\u001b[0m    pub fn new<'b, T>(x: &'b T, f: fn(&T, &mut Formatter<'_>) -> Result) -> ArgumentV1<'b> {\u001b[0m\n\u001b[0m    \u001b[0m\u001b[0m\u001b[1m\u001b[38;5;12m| \u001b[0m\u001b[0m                   \u001b[0m\u001b[0m\u001b[1m\u001b[38;5;12m-\u001b[0m\u001b[0m \u001b[0m\u001b[0m\u001b[1m\u001b[38;5;12mrequired by this bound in `ArgumentV1::<'a>::new`\u001b[0m\n\u001b[0m    \u001b[0m\u001b[0m\u001b[1m\u001b[38;5;12m|\u001b[0m\n\u001b[0m    \u001b[0m\u001b[0m\u001b[1m\u001b[38;5;12m= \u001b[0m\u001b[0m\u001b[1mhelp\u001b[0m\u001b[0m: the trait `Sized` is not implemented for `str`\u001b[0m\n\u001b[0m    \u001b[0m\u001b[0m\u001b[1m\u001b[38;5;12m= \u001b[0m\u001b[0m\u001b[1mnote\u001b[0m\u001b[0m: this error originates in the macro `$crate::format_args_nl` (in Nightly builds, run with -Z macro-backtrace for more info)\u001b[0m\n\n"}
{"message":"can't compare `str` with `&str`","code":{"code":"E0277","explanation":"You tried to use a type which doesn't implement some trait in a place which\nexpected that trait.\n\nErroneous code example:\n\n```compile_fail,E0277\n// here we declare the Foo trait with a bar method\ntrait Foo {\n    fn bar(&self);\n}\n\n// we now declare a function which takes an object implementing the Foo trait\nfn some_func<T: Foo>(foo: T) {\n    foo.bar();\n}\n\nfn main() {\n    // we now call the method with the i32 type, which doesn't implement\n    // the Foo trait\n    some_func(5i32); // error: the trait bound `i32 : Foo` is not satisfied\n}\n```\n\nIn order to fix this error, verify that the type you're using does implement\nthe trait. Example:\n\n```\ntrait Foo {\n    fn bar(&self);\n}\n\n// we implement the trait on the i32 type\nimpl Foo for i32 {\n    fn bar(&self) {}\n}\n\nfn some_func<T: Foo>(foo: T) {\n    foo.bar(); // we can now use this method since i32 implements the\n               // Foo trait\n}\n\nfn main() {\n    some_func(5i32); // ok!\n}\n```\n\nOr in a generic context, an erroneous code example would look like:\n\n```compile_fail,E0277\nfn some_func<T>(foo: T) {\n    println!(\"{:?}\", foo); // error: the trait `core::fmt::Debug` is not\n                           //        implemented for the type `T`\n}\n\nfn main() {\n    // We now call the method with the i32 type,\n    // which *does* implement the Debug trait.\n    some_func(5i32);\n}\n```\n\nNote that the error here is in the definition of the generic function. Although\nwe only call it with a parameter that does implement `Debug`, the compiler\nstill rejects the function. It must work with all possible input types. In\norder to make this example compile, we need to restrict the generic type we're\naccepting:\n\n```\nuse std::fmt;\n\n// Restrict the input type to types that implement Debug.\nfn some_func<T: fmt::Debug>(foo: T) {\n    println!(\"{:?}\", foo);\n}\n\nfn main() {\n    // Calling the method is still fine, as i32 implements Debug.\n    some_func(5i32);\n\n    // This would fail to compile now:\n    // struct WithoutDebug;\n    // some_func(WithoutDebug);\n}\n```\n\nRust only looks at the signature of the called function, as such it must\nalready specify all requirements that will be used for every type parameter.\n"},"level":"error","spans":[{"file_name":"/Users/xuyizheng/.rustup/toolchains/nightly-2021-05-24-aarch64-apple-darwin/lib/rustlib/src/rust/library/core/src/macros/mod.rs","byte_start":1173,"byte_end":1175,"line_start":39,"line_end":39,"column_start":32,"column_end":34,"is_primary":true,"text":[{"text":"                if !(*left_val == *right_val) {","highlight_start":32,"highlight_end":34}],"label":"no implementation for `str == &str`","suggested_replacement":null,"suggestion_applicability":null,"expansion":{"span":{"file_name":"examples/example_run.rs","byte_start":450,"byte_end":598,"line_start":18,"line_end":18,"column_start":5,"column_end":153,"is_primary":false,"text":[{"text":"    assert_eq!(hash,\"33B20D15383F97EB46D4FA69442596170CCA01008963A7D0E47210C33AEEF991C78323850C012550C227954A40B3D7AD612568ABC73DB9233FAB9EA4F002B0CB\");","highlight_start":5,"highlight_end":153}],"label":null,"suggested_replacement":null,"suggestion_applicability":null,"expansion":null},"macro_decl_name":"assert_eq!","def_site_span":{"file_name":"/Users/xuyizheng/.rustup/toolchains/nightly-2021-05-24-aarch64-apple-darwin/lib/rustlib/src/rust/library/core/src/macros/mod.rs","byte_start":1002,"byte_end":2329,"line_start":35,"line_end":62,"column_start":1,"column_end":2,"is_primary":false,"text":[{"text":"macro_rules! assert_eq {","highlight_start":1,"highlight_end":25},{"text":"    ($left:expr, $right:expr $(,)?) => ({","highlight_start":1,"highlight_end":42},{"text":"        match (&$left, &$right) {","highlight_start":1,"highlight_end":34},{"text":"            (left_val, right_val) => {","highlight_start":1,"highlight_end":39},{"text":"                if !(*left_val == *right_val) {","highlight_start":1,"highlight_end":48},{"text":"                    let kind = $crate::panicking::AssertKind::Eq;","highlight_start":1,"highlight_end":66},{"text":"                    // The reborrows below are intentional. Without them, the stack slot for the","highlight_start":1,"highlight_end":97},{"text":"                    // borrow is initialized even before the values are compared, leading to a","highlight_start":1,"highlight_end":95},{"text":"                    // noticeable slow down.","highlight_start":1,"highlight_end":45},{"text":"                    $crate::panicking::assert_failed(kind, &*left_val, &*right_val, $crate::option::Option::None);","highlight_start":1,"highlight_end":115},{"text":"                }","highlight_start":1,"highlight_end":18},{"text":"            }","highlight_start":1,"highlight_end":14},{"text":"        }","highlight_start":1,"highlight_end":10},{"text":"    });","highlight_start":1,"highlight_end":8},{"text":"    ($left:expr, $right:expr, $($arg:tt)+) => ({","highlight_start":1,"highlight_end":49},{"text":"        match (&$left, &$right) {","highlight_start":1,"highlight_end":34},{"text":"            (left_val, right_val) => {","highlight_start":1,"highlight_end":39},{"text":"                if !(*left_val == *right_val) {","highlight_start":1,"highlight_end":48},{"text":"                    let kind = $crate::panicking::AssertKind::Eq;","highlight_start":1,"highlight_end":66},{"text":"                    // The reborrows below are intentional. Without them, the stack slot for the","highlight_start":1,"highlight_end":97},{"text":"                    // borrow is initialized even before the values are compared, leading to a","highlight_start":1,"highlight_end":95},{"text":"                    // noticeable slow down.","highlight_start":1,"highlight_end":45},{"text":"                    $crate::panicking::assert_failed(kind, &*left_val, &*right_val, $crate::option::Option::Some($crate::format_args!($($arg)+)));","highlight_start":1,"highlight_end":147},{"text":"                }","highlight_start":1,"highlight_end":18},{"text":"            }","highlight_start":1,"highlight_end":14},{"text":"        }","highlight_start":1,"highlight_end":10},{"text":"    });","highlight_start":1,"highlight_end":8},{"text":"}","highlight_start":1,"highlight_end":2}],"label":null,"suggested_replacement":null,"suggestion_applicability":null,"expansion":null}}}],"children":[{"message":"the trait `PartialEq<&str>` is not implemented for `str`","code":null,"level":"help","spans":[],"children":[],"rendered":null}],"rendered":"\u001b[0m\u001b[1m\u001b[38;5;9merror[E0277]\u001b[0m\u001b[0m\u001b[1m: can't compare `str` with `&str`\u001b[0m\n\u001b[0m  \u001b[0m\u001b[0m\u001b[1m\u001b[38;5;12m--> \u001b[0m\u001b[0mexamples/example_run.rs:18:5\u001b[0m\n\u001b[0m   \u001b[0m\u001b[0m\u001b[1m\u001b[38;5;12m|\u001b[0m\n\u001b[0m\u001b[1m\u001b[38;5;12m18\u001b[0m\u001b[0m \u001b[0m\u001b[0m\u001b[1m\u001b[38;5;12m| \u001b[0m\u001b[0m    assert_eq!(hash,\"33B20D15383F97EB46D4FA69442596170CCA01008963A7D0E47210C33AEEF991C78323850C012550C227954A40B3D7AD612568ABC73DB9233FAB9EA4F002B0CB\");\u001b[0m\n\u001b[0m   \u001b[0m\u001b[0m\u001b[1m\u001b[38;5;12m| \u001b[0m\u001b[0m    \u001b[0m\u001b[0m\u001b[1m\u001b[38;5;9m^^^^^^^^^^^^^^^^^^^^^^^^^^^^^^^^^^^^^^^^^^^^^^^^^^^^^^^^^^^^^^^^^^^^^^^^^^^^^^^^^^^^^^^^^^^^^^^^^^^^^^^^^^^^^^^^^^^^^^^^^^^^^^^^^^^^^^^^^^^^^^^^^^^^\u001b[0m\u001b[0m \u001b[0m\u001b[0m\u001b[1m\u001b[38;5;9mno implementation for `str == &str`\u001b[0m\n\u001b[0m   \u001b[0m\u001b[0m\u001b[1m\u001b[38;5;12m|\u001b[0m\n\u001b[0m   \u001b[0m\u001b[0m\u001b[1m\u001b[38;5;12m= \u001b[0m\u001b[0m\u001b[1mhelp\u001b[0m\u001b[0m: the trait `PartialEq<&str>` is not implemented for `str`\u001b[0m\n\u001b[0m   \u001b[0m\u001b[0m\u001b[1m\u001b[38;5;12m= \u001b[0m\u001b[0m\u001b[1mnote\u001b[0m\u001b[0m: this error originates in the macro `assert_eq` (in Nightly builds, run with -Z macro-backtrace for more info)\u001b[0m\n\n"}
{"message":"aborting due to 3 previous errors","code":null,"level":"error","spans":[],"children":[],"rendered":"\u001b[0m\u001b[1m\u001b[38;5;9merror\u001b[0m\u001b[0m\u001b[1m: aborting due to 3 previous errors\u001b[0m\n\n"}
{"message":"Some errors have detailed explanations: E0277, E0599.","code":null,"level":"failure-note","spans":[],"children":[],"rendered":"\u001b[0m\u001b[1mSome errors have detailed explanations: E0277, E0599.\u001b[0m\n"}
{"message":"For more information about an error, try `rustc --explain E0277`.","code":null,"level":"failure-note","spans":[],"children":[],"rendered":"\u001b[0m\u001b[1mFor more information about an error, try `rustc --explain E0277`.\u001b[0m\n"}
